This file contains any messages produced by compilers while
running configure, to aid debugging if configure makes a mistake.

It was created by configure, which was
generated by GNU Autoconf 2.59.  Invocation command line was

  $ ./configure 

## --------- ##
## Platform. ##
## --------- ##

hostname = linux-781d.site
uname -m = x86_64
uname -r = 3.4.6-1.1-desktop
uname -s = Linux
uname -v = #1 SMP PREEMPT Sat Aug 18 17:48:53 VET 2012

/usr/bin/uname -p = x86_64
/bin/uname -X     = unknown

/bin/arch              = x86_64
/usr/bin/arch -k       = unknown
/usr/convex/getsysinfo = unknown
hostinfo               = unknown
/bin/machine           = unknown
/usr/bin/oslevel       = unknown
/bin/universe          = unknown

PATH: /home/rafa/bin
PATH: /usr/local/bin
PATH: /usr/bin
PATH: /bin
PATH: /usr/bin/X11
PATH: /usr/X11R6/bin
PATH: /usr/games
PATH: /usr/lib/mit/bin
PATH: .
PATH: /home/rafa/.rvm/bin
PATH: /home/rafa/.rvm/bin


## ----------- ##
## Core tests. ##
## ----------- ##

configure:1420: loading site script /usr/share/site/x86_64-unknown-linux-gnu
| #!/bin/sh
| # Site script for configure. It is resourced via $CONFIG_SITE environment varaible.
| 
| # If user did not specify libdir, guess the correct target:
| # Use lib64 for 64 bit bi-arch targets, keep the default for the rest.
| if test "$libdir" = '${exec_prefix}/lib' ; then
| 
| 	ac_config_site_64bit_host=NONE
| 
| 	case "$host" in
| 	"" )
| 		# User did not specify host target.
| 		# The native platform x86_64 is a bi-arch platform.
| 		# Try to detect cross-compilation to inferior architecture.
| 
| 		# We are trying to guess 32-bit target compilation. It's not as easy as
| 		# it sounds, as there is possible several intermediate combinations.
| 		ac_config_site_cross_to_32bit_host=NONE
| 
| 		# User defined -m32 in CFLAGS or CXXFLAGS:
| 		# (It's sufficient for 32-bit, but alone may cause mis-behavior of some checks.)
| 		case "$CFLAGS" in
| 		*-m32*)
| 			ac_config_site_cross_to_32bit_host=YES
| 			;;
| 		esac
| 		case "$CXXFLAGS" in
| 		*-m32*)
| 			ac_config_site_cross_to_32bit_host=YES
| 			;;
| 		esac
| 
| 		# Running with linux32:
| 		# (Changes detected platform, but not the toolchain target.)
| 		case "`/bin/uname -i`" in
| 		x86_64 | ppc64 | s390x )
| 			;;
| 		* )
| 			ac_config_site_cross_to_32bit_host=YES
| 			;;
| 		esac
| 
| 		if test "x$ac_config_site_cross_to_32bit_host" = xNONE; then
| 			ac_config_site_64bit_host=YES
| 		fi
| 
| 		;;
| 	*x86_64* | *ppc64* | *s390x* )
| 		ac_config_site_64bit_host=YES
| 		;;
| 	esac
| 
| 	if test "x$ac_config_site_64bit_host" = xYES; then
| 		libdir='${exec_prefix}/lib64'
| 	fi
| fi
| 
| # If user did not specify libexecdir, set the correct target:
| # Nor FHS nor openSUSE allow prefix/libexec. Let's default to prefix/lib.
| 
| if test "$libexecdir" = '${exec_prefix}/libexec' ; then
| 	libexecdir='${exec_prefix}/lib'
| fi
| 
| # Continue with the standard behavior of configure defined in AC_SITE_LOAD:
| if test "x$prefix" != xNONE; then
| 	ac_site_file1=$prefix/share/config.site
| 	ac_site_file2=$prefix/etc/config.site
| else
| 	ac_site_file1=$ac_default_prefix/share/config.site
| 	ac_site_file2=$ac_default_prefix/etc/config.site
| fi
| for ac_site_file in "$ac_site_file1" "$ac_site_file2"
| do
| 	test "x$ac_site_file" = xNONE && continue
| 	if test /dev/null != "$ac_site_file" && test -r "$ac_site_file"; then
| 		{ $as_echo "/usr/share/site/x86_64-unknown-linux-gnu:${as_lineno-$LINENO}: loading site script $ac_site_file" >&5
| $as_echo "/usr/share/site/x86_64-unknown-linux-gnu: loading site script $ac_site_file" >&6;}
| 		sed 's/^/| /' "$ac_site_file" >&5
| 		. "$ac_site_file" \
| 			|| { { $as_echo "/usr/share/site/x86_64-unknown-linux-gnu:${as_lineno-$LINENO}: error: in \`$ac_pwd':" >&5
| $as_echo "/usr/share/site/x86_64-unknown-linux-gnu: error: in \`$ac_pwd':" >&2;}
| as_fn_error $? "failed to load site script $ac_site_file
| See \`config.log' for more details" "$LINENO" 5; }
| 	fi
| done
configure:1553: checking build system type
configure:1571: result: x86_64-unknown-linux-gnu
configure:1579: checking host system type
configure:1593: result: x86_64-unknown-linux-gnu
configure:1601: checking target system type
configure:1615: result: x86_64-unknown-linux-gnu
configure:1670: checking for a BSD-compatible install
configure:1725: result: /usr/bin/install -c
configure:1736: checking whether build environment is sane
configure:1779: result: yes
configure:1804: WARNING: `missing' script is too old or missing
configure:1812: checking for gawk
configure:1828: found /usr/bin/gawk
configure:1838: result: gawk
configure:1848: checking whether make sets $(MAKE)
configure:1868: result: yes
configure:2096: checking for g++
configure:2112: found /usr/bin/g++
configure:2122: result: g++
configure:2138: checking for C++ compiler version
configure:2141: g++ --version </dev/null >&5
g++ (SUSE Linux) 4.7.1 20120723 [gcc-4_7-branch revision 189773]
Copyright (C) 2012 Free Software Foundation, Inc.
This is free software; see the source for copying conditions.  There is NO
warranty; not even for MERCHANTABILITY or FITNESS FOR A PARTICULAR PURPOSE.

configure:2144: $? = 0
configure:2146: g++ -v </dev/null >&5
Using built-in specs.
COLLECT_GCC=g++
COLLECT_LTO_WRAPPER=/usr/lib64/gcc/x86_64-suse-linux/4.7/lto-wrapper
Target: x86_64-suse-linux
Configured with: ../configure --prefix=/usr --infodir=/usr/share/info --mandir=/usr/share/man --libdir=/usr/lib64 --libexecdir=/usr/lib64 --enable-languages=c,c++,objc,fortran,obj-c++,java,ada --enable-checking=release --with-gxx-include-dir=/usr/include/c++/4.7 --enable-ssp --disable-libssp --disable-libitm --disable-plugin --with-bugurl=http://bugs.opensuse.org/ --with-pkgversion='SUSE Linux' --disable-libgcj --disable-libmudflap --with-slibdir=/lib64 --with-system-zlib --enable-__cxa_atexit --enable-libstdcxx-allocator=new --disable-libstdcxx-pch --enable-version-specific-runtime-libs --enable-linker-build-id --program-suffix=-4.7 --enable-linux-futex --without-system-libunwind --with-arch-32=i586 --with-tune=generic --build=x86_64-suse-linux
Thread model: posix
gcc version 4.7.1 20120723 [gcc-4_7-branch revision 189773] (SUSE Linux) 
configure:2149: $? = 0
configure:2151: g++ -V </dev/null >&5
g++: error: unrecognized command line option '-V'
g++: fatal error: no input files
compilation terminated.
configure:2154: $? = 1
configure:2177: checking for C++ compiler default output file name
configure:2180: g++    conftest.cc  >&5
configure:2183: $? = 0
configure:2229: result: a.out
configure:2234: checking whether the C++ compiler works
configure:2240: ./a.out
configure:2243: $? = 0
configure:2260: result: yes
configure:2267: checking whether we are cross compiling
configure:2269: result: no
configure:2272: checking for suffix of executables
configure:2274: g++ -o conftest    conftest.cc  >&5
configure:2277: $? = 0
configure:2302: result: 
configure:2308: checking for suffix of object files
configure:2329: g++ -c   conftest.cc >&5
configure:2332: $? = 0
configure:2354: result: o
configure:2358: checking whether we are using the GNU C++ compiler
configure:2382: g++ -c   conftest.cc >&5
configure:2388: $? = 0
configure:2392: test -z 
			 || test ! -s conftest.err
configure:2395: $? = 0
configure:2398: test -s conftest.o
configure:2401: $? = 0
configure:2414: result: yes
configure:2420: checking whether g++ accepts -g
configure:2441: g++ -c -g  conftest.cc >&5
configure:2447: $? = 0
configure:2451: test -z 
			 || test ! -s conftest.err
configure:2454: $? = 0
configure:2457: test -s conftest.o
configure:2460: $? = 0
configure:2471: result: yes
configure:2513: g++ -c -g -O2  conftest.cc >&5
configure:2519: $? = 0
configure:2523: test -z 
			 || test ! -s conftest.err
configure:2526: $? = 0
configure:2529: test -s conftest.o
configure:2532: $? = 0
configure:2558: g++ -c -g -O2  conftest.cc >&5
conftest.cc: In function 'int main()':
conftest.cc:15:9: error: 'exit' was not declared in this scope
configure:2564: $? = 1
configure: failed program was:
| /* confdefs.h.  */
| 
| #define PACKAGE_NAME ""
| #define PACKAGE_TARNAME ""
| #define PACKAGE_VERSION ""
| #define PACKAGE_STRING ""
| #define PACKAGE_BUGREPORT ""
| #define PACKAGE "ZThread"
| #define VERSION "2.3.2"
| /* end confdefs.h.  */
| 
| int
| main ()
| {
| exit (42);
|   ;
|   return 0;
| }
configure:2513: g++ -c -g -O2  conftest.cc >&5
conftest.cc:11:40: error: 'void std::exit(int)' should have been declared inside 'std'
configure:2519: $? = 1
configure: failed program was:
| /* confdefs.h.  */
| 
| #define PACKAGE_NAME ""
| #define PACKAGE_TARNAME ""
| #define PACKAGE_VERSION ""
| #define PACKAGE_STRING ""
| #define PACKAGE_BUGREPORT ""
| #define PACKAGE "ZThread"
| #define VERSION "2.3.2"
| /* end confdefs.h.  */
| extern "C" void std::exit (int) throw (); using std::exit;
| #include <stdlib.h>
| int
| main ()
| {
| exit (42);
|   ;
|   return 0;
| }
configure:2513: g++ -c -g -O2  conftest.cc >&5
conftest.cc:11:31: error: 'void std::exit(int)' should have been declared inside 'std'
In file included from conftest.cc:12:0:
/usr/include/stdlib.h:544:70: error: declaration of 'void std::exit(int) throw ()' has a different exception specifier
conftest.cc:11:17: error: from previous declaration 'void std::exit(int)'
configure:2519: $? = 1
configure: failed program was:
| /* confdefs.h.  */
| 
| #define PACKAGE_NAME ""
| #define PACKAGE_TARNAME ""
| #define PACKAGE_VERSION ""
| #define PACKAGE_STRING ""
| #define PACKAGE_BUGREPORT ""
| #define PACKAGE "ZThread"
| #define VERSION "2.3.2"
| /* end confdefs.h.  */
| extern "C" void std::exit (int); using std::exit;
| #include <stdlib.h>
| int
| main ()
| {
| exit (42);
|   ;
|   return 0;
| }
configure:2513: g++ -c -g -O2  conftest.cc >&5
configure:2519: $? = 0
configure:2523: test -z 
			 || test ! -s conftest.err
configure:2526: $? = 0
configure:2529: test -s conftest.o
configure:2532: $? = 0
configure:2558: g++ -c -g -O2  conftest.cc >&5
configure:2564: $? = 0
configure:2568: test -z 
			 || test ! -s conftest.err
configure:2571: $? = 0
configure:2574: test -s conftest.o
configure:2577: $? = 0
configure:2611: checking for style of include used by make
configure:2639: result: GNU
configure:2667: checking dependency style of g++
configure:2750: result: gcc3
configure:2817: checking for gcc
configure:2833: found /usr/bin/gcc
configure:2843: result: gcc
configure:3087: checking for C compiler version
configure:3090: gcc --version </dev/null >&5
gcc (SUSE Linux) 4.7.1 20120723 [gcc-4_7-branch revision 189773]
Copyright (C) 2012 Free Software Foundation, Inc.
This is free software; see the source for copying conditions.  There is NO
warranty; not even for MERCHANTABILITY or FITNESS FOR A PARTICULAR PURPOSE.

configure:3093: $? = 0
configure:3095: gcc -v </dev/null >&5
Using built-in specs.
COLLECT_GCC=gcc
COLLECT_LTO_WRAPPER=/usr/lib64/gcc/x86_64-suse-linux/4.7/lto-wrapper
Target: x86_64-suse-linux
Configured with: ../configure --prefix=/usr --infodir=/usr/share/info --mandir=/usr/share/man --libdir=/usr/lib64 --libexecdir=/usr/lib64 --enable-languages=c,c++,objc,fortran,obj-c++,java,ada --enable-checking=release --with-gxx-include-dir=/usr/include/c++/4.7 --enable-ssp --disable-libssp --disable-libitm --disable-plugin --with-bugurl=http://bugs.opensuse.org/ --with-pkgversion='SUSE Linux' --disable-libgcj --disable-libmudflap --with-slibdir=/lib64 --with-system-zlib --enable-__cxa_atexit --enable-libstdcxx-allocator=new --disable-libstdcxx-pch --enable-version-specific-runtime-libs --enable-linker-build-id --program-suffix=-4.7 --enable-linux-futex --without-system-libunwind --with-arch-32=i586 --with-tune=generic --build=x86_64-suse-linux
Thread model: posix
gcc version 4.7.1 20120723 [gcc-4_7-branch revision 189773] (SUSE Linux) 
configure:3098: $? = 0
configure:3100: gcc -V </dev/null >&5
gcc: error: unrecognized command line option '-V'
gcc: fatal error: no input files
compilation terminated.
configure:3103: $? = 1
configure:3106: checking whether we are using the GNU C compiler
configure:3130: gcc -c   conftest.c >&5
configure:3136: $? = 0
configure:3140: test -z 
			 || test ! -s conftest.err
configure:3143: $? = 0
configure:3146: test -s conftest.o
configure:3149: $? = 0
configure:3162: result: yes
configure:3168: checking whether gcc accepts -g
configure:3189: gcc -c -g  conftest.c >&5
configure:3195: $? = 0
configure:3199: test -z 
			 || test ! -s conftest.err
configure:3202: $? = 0
configure:3205: test -s conftest.o
configure:3208: $? = 0
configure:3219: result: yes
configure:3236: checking for gcc option to accept ANSI C
configure:3306: gcc  -c -g -O2  conftest.c >&5
configure:3312: $? = 0
configure:3316: test -z 
			 || test ! -s conftest.err
configure:3319: $? = 0
configure:3322: test -s conftest.o
configure:3325: $? = 0
configure:3343: result: none needed
configure:3361: gcc -c -g -O2  conftest.c >&5
conftest.c:2:3: error: unknown type name 'choke'
conftest.c:2:3: error: expected '=', ',', ';', 'asm' or '__attribute__' at end of input
configure:3367: $? = 1
configure: failed program was:
| #ifndef __cplusplus
|   choke me
| #endif
configure:3502: checking dependency style of gcc
configure:3585: result: gcc3
configure:3608: checking how to run the C preprocessor
configure:3643: gcc -E  conftest.c
configure:3649: $? = 0
configure:3681: gcc -E  conftest.c
conftest.c:14:28: fatal error: ac_nonexistent.h: No such file or directory
compilation terminated.
configure:3687: $? = 1
configure: failed program was:
| /* confdefs.h.  */
| 
| #define PACKAGE_NAME ""
| #define PACKAGE_TARNAME ""
| #define PACKAGE_VERSION ""
| #define PACKAGE_STRING ""
| #define PACKAGE_BUGREPORT ""
| #define PACKAGE "ZThread"
| #define VERSION "2.3.2"
| #ifdef __cplusplus
| extern "C" void exit (int) throw ();
| #endif
| /* end confdefs.h.  */
| #include <ac_nonexistent.h>
configure:3726: result: gcc -E
configure:3750: gcc -E  conftest.c
configure:3756: $? = 0
configure:3788: gcc -E  conftest.c
conftest.c:14:28: fatal error: ac_nonexistent.h: No such file or directory
compilation terminated.
configure:3794: $? = 1
configure: failed program was:
| /* confdefs.h.  */
| 
| #define PACKAGE_NAME ""
| #define PACKAGE_TARNAME ""
| #define PACKAGE_VERSION ""
| #define PACKAGE_STRING ""
| #define PACKAGE_BUGREPORT ""
| #define PACKAGE "ZThread"
| #define VERSION "2.3.2"
| #ifdef __cplusplus
| extern "C" void exit (int) throw ();
| #endif
| /* end confdefs.h.  */
| #include <ac_nonexistent.h>
configure:3838: checking for egrep
configure:3848: result: grep -E
configure:3853: checking for ANSI C header files
configure:3878: gcc -c -g -O2  conftest.c >&5
configure:3884: $? = 0
configure:3888: test -z 
			 || test ! -s conftest.err
configure:3891: $? = 0
configure:3894: test -s conftest.o
configure:3897: $? = 0
configure:3986: gcc -o conftest -g -O2   conftest.c  >&5
conftest.c: In function 'main':
conftest.c:31:7: warning: incompatible implicit declaration of built-in function 'exit' [enabled by default]
configure:3989: $? = 0
configure:3991: ./conftest
configure:3994: $? = 0
configure:4009: result: yes
configure:4033: checking for sys/types.h
configure:4049: gcc -c -g -O2  conftest.c >&5
configure:4055: $? = 0
configure:4059: test -z 
			 || test ! -s conftest.err
configure:4062: $? = 0
configure:4065: test -s conftest.o
configure:4068: $? = 0
configure:4079: result: yes
configure:4033: checking for sys/stat.h
configure:4049: gcc -c -g -O2  conftest.c >&5
configure:4055: $? = 0
configure:4059: test -z 
			 || test ! -s conftest.err
configure:4062: $? = 0
configure:4065: test -s conftest.o
configure:4068: $? = 0
configure:4079: result: yes
configure:4033: checking for stdlib.h
configure:4049: gcc -c -g -O2  conftest.c >&5
configure:4055: $? = 0
configure:4059: test -z 
			 || test ! -s conftest.err
configure:4062: $? = 0
configure:4065: test -s conftest.o
configure:4068: $? = 0
configure:4079: result: yes
configure:4033: checking for string.h
configure:4049: gcc -c -g -O2  conftest.c >&5
configure:4055: $? = 0
configure:4059: test -z 
			 || test ! -s conftest.err
configure:4062: $? = 0
configure:4065: test -s conftest.o
configure:4068: $? = 0
configure:4079: result: yes
configure:4033: checking for memory.h
configure:4049: gcc -c -g -O2  conftest.c >&5
configure:4055: $? = 0
configure:4059: test -z 
			 || test ! -s conftest.err
configure:4062: $? = 0
configure:4065: test -s conftest.o
configure:4068: $? = 0
configure:4079: result: yes
configure:4033: checking for strings.h
configure:4049: gcc -c -g -O2  conftest.c >&5
configure:4055: $? = 0
configure:4059: test -z 
			 || test ! -s conftest.err
configure:4062: $? = 0
configure:4065: test -s conftest.o
configure:4068: $? = 0
configure:4079: result: yes
configure:4033: checking for inttypes.h
configure:4049: gcc -c -g -O2  conftest.c >&5
configure:4055: $? = 0
configure:4059: test -z 
			 || test ! -s conftest.err
configure:4062: $? = 0
configure:4065: test -s conftest.o
configure:4068: $? = 0
configure:4079: result: yes
configure:4033: checking for stdint.h
configure:4049: gcc -c -g -O2  conftest.c >&5
configure:4055: $? = 0
configure:4059: test -z 
			 || test ! -s conftest.err
configure:4062: $? = 0
configure:4065: test -s conftest.o
configure:4068: $? = 0
configure:4079: result: yes
configure:4033: checking for unistd.h
configure:4049: gcc -c -g -O2  conftest.c >&5
configure:4055: $? = 0
configure:4059: test -z 
			 || test ! -s conftest.err
configure:4062: $? = 0
configure:4065: test -s conftest.o
configure:4068: $? = 0
configure:4079: result: yes
configure:4144: checking pthread.h usability
configure:4156: gcc -c -g -O2  conftest.c >&5
configure:4162: $? = 0
configure:4166: test -z 
			 || test ! -s conftest.err
configure:4169: $? = 0
configure:4172: test -s conftest.o
configure:4175: $? = 0
configure:4185: result: yes
configure:4189: checking pthread.h presence
configure:4199: gcc -E  conftest.c
configure:4205: $? = 0
configure:4225: result: yes
configure:4260: checking for pthread.h
configure:4267: result: yes
configure:4272: checking for linker option -pthread
configure:4296: gcc -o conftest -g -O2   conftest.c ac_save_LIBS  -pthread >&5
gcc: error: ac_save_LIBS: No such file or directory
configure:4302: $? = 1
configure: failed program was:
| /* confdefs.h.  */
| 
| #define PACKAGE_NAME ""
| #define PACKAGE_TARNAME ""
| #define PACKAGE_VERSION ""
| #define PACKAGE_STRING ""
| #define PACKAGE_BUGREPORT ""
| #define PACKAGE "ZThread"
| #define VERSION "2.3.2"
| #ifdef __cplusplus
| extern "C" void exit (int) throw ();
| #endif
| #define STDC_HEADERS 1
| #define HAVE_SYS_TYPES_H 1
| #define HAVE_SYS_STAT_H 1
| #define HAVE_STDLIB_H 1
| #define HAVE_STRING_H 1
| #define HAVE_MEMORY_H 1
| #define HAVE_STRINGS_H 1
| #define HAVE_INTTYPES_H 1
| #define HAVE_STDINT_H 1
| #define HAVE_UNISTD_H 1
| /* end confdefs.h.  */
| #include <pthread.h>
| int
| main ()
| {
| 
|       pthread_create((pthread_t*) 0,(pthread_attr_t*) 0, 0, 0);
| 
|   ;
|   return 0;
| }
configure:4331: result: no
configure:4333: checking for linker option -lpthread
configure:4356: gcc -o conftest -g -O2   conftest.c   -lpthread >&5
configure:4362: $? = 0
configure:4366: test -z 
			 || test ! -s conftest.err
configure:4369: $? = 0
configure:4372: test -s conftest
configure:4375: $? = 0
configure:4377: result: yes
configure:4412: checking for sched_get_priority_max in -lrt
configure:4442: gcc -o conftest -g -O2   conftest.c -lrt    -lpthread >&5
configure:4448: $? = 0
configure:4452: test -z 
			 || test ! -s conftest.err
configure:4455: $? = 0
configure:4458: test -s conftest
configure:4461: $? = 0
configure:4474: result: yes
configure:4489: checking for sched_yield
configure:4507: gcc -o conftest -g -O2   conftest.c   -lpthread >&5
configure:4513: $? = 0
configure:4517: test -z 
			 || test ! -s conftest.err
configure:4520: $? = 0
configure:4523: test -s conftest
configure:4526: $? = 0
configure:4528: result: yes
configure:4545: checking for pthread_yield
configure:4563: gcc -o conftest -g -O2   conftest.c   -lpthread >&5
configure:4569: $? = 0
configure:4573: test -z 
			 || test ! -s conftest.err
configure:4576: $? = 0
configure:4579: test -s conftest
configure:4582: $? = 0
configure:4584: result: yes
configure:4601: checking for pthread_key_create
configure:4619: gcc -o conftest -g -O2   conftest.c   -lpthread >&5
configure:4625: $? = 0
configure:4629: test -z 
			 || test ! -s conftest.err
configure:4632: $? = 0
configure:4635: test -s conftest
configure:4638: $? = 0
configure:4640: result: yes
configure:4764: checking for doxygen
configure:4797: result: no
configure:5313: checking sys/time.h usability
configure:5325: gcc -c -g -O2  conftest.c >&5
configure:5331: $? = 0
configure:5335: test -z 
			 || test ! -s conftest.err
configure:5338: $? = 0
configure:5341: test -s conftest.o
configure:5344: $? = 0
configure:5354: result: yes
configure:5358: checking sys/time.h presence
configure:5368: gcc -E  conftest.c
configure:5374: $? = 0
configure:5394: result: yes
configure:5429: checking for sys/time.h
configure:5436: result: yes
configure:5441: checking for _ftime()
configure:5460: gcc -o conftest -g -O2   conftest.c  >&5
/tmp/cc5IdiYI.o: In function `main':
/home/rafa/apps/dev/eclipse cpp/workspace/Anagrama/libs/ZThread-2.3.2/conftest.c:33: undefined reference to `_ftime'
collect2: error: ld returned 1 exit status
configure:5466: $? = 1
configure: failed program was:
| /* confdefs.h.  */
| 
| #define PACKAGE_NAME ""
| #define PACKAGE_TARNAME ""
| #define PACKAGE_VERSION ""
| #define PACKAGE_STRING ""
| #define PACKAGE_BUGREPORT ""
| #define PACKAGE "ZThread"
| #define VERSION "2.3.2"
| #ifdef __cplusplus
| extern "C" void exit (int) throw ();
| #endif
| #define STDC_HEADERS 1
| #define HAVE_SYS_TYPES_H 1
| #define HAVE_SYS_STAT_H 1
| #define HAVE_STDLIB_H 1
| #define HAVE_STRING_H 1
| #define HAVE_MEMORY_H 1
| #define HAVE_STRINGS_H 1
| #define HAVE_INTTYPES_H 1
| #define HAVE_STDINT_H 1
| #define HAVE_UNISTD_H 1
| #define HAVE_POSIX_THREADS
| #define HAVE_SCHED_RT
| #define HAVE_SCHED_YIELD
| #define HAVE_PTHREAD_YIELD
| #define HAVE_PTHREADKEY_CREATE
| /* end confdefs.h.  */
| #include <sys/time.h>
| int
| main ()
| {
| _ftime(0);
|   ;
|   return 0;
| }
configure:5494: result: no
configure:5519: checking sys/timeb.h usability
configure:5531: gcc -c -g -O2  conftest.c >&5
configure:5537: $? = 0
configure:5541: test -z 
			 || test ! -s conftest.err
configure:5544: $? = 0
configure:5547: test -s conftest.o
configure:5550: $? = 0
configure:5560: result: yes
configure:5564: checking sys/timeb.h presence
configure:5574: gcc -E  conftest.c
configure:5580: $? = 0
configure:5600: result: yes
configure:5635: checking for sys/timeb.h
configure:5642: result: yes
configure:5647: checking for ftime()
configure:5666: gcc -o conftest -g -O2   conftest.c  >&5
configure:5672: $? = 0
configure:5676: test -z 
			 || test ! -s conftest.err
configure:5679: $? = 0
configure:5682: test -s conftest
configure:5685: $? = 0
configure:5687: result: yes
configure:5761: checking how to run the C++ preprocessor
configure:5792: g++ -E  conftest.cc
configure:5798: $? = 0
configure:5830: g++ -E  conftest.cc
conftest.cc:30:28: fatal error: ac_nonexistent.h: No such file or directory
compilation terminated.
configure:5836: $? = 1
configure: failed program was:
| /* confdefs.h.  */
| 
| #define PACKAGE_NAME ""
| #define PACKAGE_TARNAME ""
| #define PACKAGE_VERSION ""
| #define PACKAGE_STRING ""
| #define PACKAGE_BUGREPORT ""
| #define PACKAGE "ZThread"
| #define VERSION "2.3.2"
| #ifdef __cplusplus
| extern "C" void exit (int) throw ();
| #endif
| #define STDC_HEADERS 1
| #define HAVE_SYS_TYPES_H 1
| #define HAVE_SYS_STAT_H 1
| #define HAVE_STDLIB_H 1
| #define HAVE_STRING_H 1
| #define HAVE_MEMORY_H 1
| #define HAVE_STRINGS_H 1
| #define HAVE_INTTYPES_H 1
| #define HAVE_STDINT_H 1
| #define HAVE_UNISTD_H 1
| #define HAVE_POSIX_THREADS
| #define HAVE_SCHED_RT
| #define HAVE_SCHED_YIELD
| #define HAVE_PTHREAD_YIELD
| #define HAVE_PTHREADKEY_CREATE
| #define SYSTEM_FTIME ftime
| /* end confdefs.h.  */
| #include <ac_nonexistent.h>
configure:5875: result: g++ -E
configure:5899: g++ -E  conftest.cc
configure:5905: $? = 0
configure:5937: g++ -E  conftest.cc
conftest.cc:30:28: fatal error: ac_nonexistent.h: No such file or directory
compilation terminated.
configure:5943: $? = 1
configure: failed program was:
| /* confdefs.h.  */
| 
| #define PACKAGE_NAME ""
| #define PACKAGE_TARNAME ""
| #define PACKAGE_VERSION ""
| #define PACKAGE_STRING ""
| #define PACKAGE_BUGREPORT ""
| #define PACKAGE "ZThread"
| #define VERSION "2.3.2"
| #ifdef __cplusplus
| extern "C" void exit (int) throw ();
| #endif
| #define STDC_HEADERS 1
| #define HAVE_SYS_TYPES_H 1
| #define HAVE_SYS_STAT_H 1
| #define HAVE_STDLIB_H 1
| #define HAVE_STRING_H 1
| #define HAVE_MEMORY_H 1
| #define HAVE_STRINGS_H 1
| #define HAVE_INTTYPES_H 1
| #define HAVE_STDINT_H 1
| #define HAVE_UNISTD_H 1
| #define HAVE_POSIX_THREADS
| #define HAVE_SCHED_RT
| #define HAVE_SCHED_YIELD
| #define HAVE_PTHREAD_YIELD
| #define HAVE_PTHREADKEY_CREATE
| #define SYSTEM_FTIME ftime
| /* end confdefs.h.  */
| #include <ac_nonexistent.h>
configure:5987: checking for ANSI C header files
configure:6143: result: yes
configure:6167: checking errno.h usability
configure:6179: g++ -c -g -O2 -Wall  conftest.cc >&5
configure:6185: $? = 0
configure:6189: test -z 
			 || test ! -s conftest.err
configure:6192: $? = 0
configure:6195: test -s conftest.o
configure:6198: $? = 0
configure:6208: result: yes
configure:6212: checking errno.h presence
configure:6222: g++ -E  conftest.cc
configure:6228: $? = 0
configure:6248: result: yes
configure:6283: checking for errno.h
configure:6290: result: yes
configure:6329: checking for target implementation
configure:6402: result: compile-time guess
configure:6428: checking for sigsetjmp()
configure:6446: g++ -o conftest -g -O2 -Wall -DNDEBUG   conftest.cc  >&5
configure:6452: $? = 0
configure:6456: test -z 
			 || test ! -s conftest.err
configure:6459: $? = 0
configure:6462: test -s conftest
configure:6465: $? = 0
configure:6467: result: yes
configure:6485: checking for _beginthreadex()
configure:6503: g++ -o conftest -g -O2 -Wall -DNDEBUG   conftest.cc  >&5
conftest.cc:32:21: fatal error: windows.h: No such file or directory
compilation terminated.
configure:6509: $? = 1
configure: failed program was:
| /* confdefs.h.  */
| 
| #define PACKAGE_NAME ""
| #define PACKAGE_TARNAME ""
| #define PACKAGE_VERSION ""
| #define PACKAGE_STRING ""
| #define PACKAGE_BUGREPORT ""
| #define PACKAGE "ZThread"
| #define VERSION "2.3.2"
| #ifdef __cplusplus
| extern "C" void exit (int) throw ();
| #endif
| #define STDC_HEADERS 1
| #define HAVE_SYS_TYPES_H 1
| #define HAVE_SYS_STAT_H 1
| #define HAVE_STDLIB_H 1
| #define HAVE_STRING_H 1
| #define HAVE_MEMORY_H 1
| #define HAVE_STRINGS_H 1
| #define HAVE_INTTYPES_H 1
| #define HAVE_STDINT_H 1
| #define HAVE_UNISTD_H 1
| #define HAVE_POSIX_THREADS
| #define HAVE_SCHED_RT
| #define HAVE_SCHED_YIELD
| #define HAVE_PTHREAD_YIELD
| #define HAVE_PTHREADKEY_CREATE
| #define SYSTEM_FTIME ftime
| #define STDC_HEADERS 1
| #define HAVE_ERRNO_H 1
| /* end confdefs.h.  */
| #include <windows.h>
| int
| main ()
| {
| _beginthreadex((void*)0, 0, 0, (void*)0, 0, (void*)0);
|   ;
|   return 0;
| }
configure:6537: result: no
configure:6624: checking for a sed that does not truncate output
configure:6678: result: /usr/bin/sed
configure:6692: checking for ld used by gcc
configure:6759: result: /usr/x86_64-suse-linux/bin/ld
configure:6768: checking if the linker (/usr/x86_64-suse-linux/bin/ld) is GNU ld
configure:6783: result: yes
configure:6788: checking for /usr/x86_64-suse-linux/bin/ld option to reload object files
configure:6795: result: -r
configure:6813: checking for BSD-compatible nm
configure:6855: result: /usr/bin/nm -B
configure:6859: checking whether ln -s works
configure:6863: result: yes
configure:6870: checking how to recognise dependent libraries
configure:7042: result: pass_all
configure:7126: g++ -c -g -O2 -Wall -DNDEBUG  conftest.cc >&5
configure:7129: $? = 0
configure:7282: checking dlfcn.h usability
configure:7294: g++ -c -g -O2 -Wall -DNDEBUG  conftest.cc >&5
configure:7300: $? = 0
configure:7304: test -z 
			 || test ! -s conftest.err
configure:7307: $? = 0
configure:7310: test -s conftest.o
configure:7313: $? = 0
configure:7323: result: yes
configure:7327: checking dlfcn.h presence
configure:7337: g++ -E  conftest.cc
configure:7343: $? = 0
configure:7363: result: yes
configure:7398: checking for dlfcn.h
configure:7405: result: yes
configure:7428: checking how to run the C++ preprocessor
configure:7542: result: g++ -E
configure:7566: g++ -E  conftest.cc
configure:7572: $? = 0
configure:7604: g++ -E  conftest.cc
conftest.cc:33:28: fatal error: ac_nonexistent.h: No such file or directory
compilation terminated.
configure:7610: $? = 1
configure: failed program was:
| /* confdefs.h.  */
| 
| #define PACKAGE_NAME ""
| #define PACKAGE_TARNAME ""
| #define PACKAGE_VERSION ""
| #define PACKAGE_STRING ""
| #define PACKAGE_BUGREPORT ""
| #define PACKAGE "ZThread"
| #define VERSION "2.3.2"
| #ifdef __cplusplus
| extern "C" void exit (int) throw ();
| #endif
| #define STDC_HEADERS 1
| #define HAVE_SYS_TYPES_H 1
| #define HAVE_SYS_STAT_H 1
| #define HAVE_STDLIB_H 1
| #define HAVE_STRING_H 1
| #define HAVE_MEMORY_H 1
| #define HAVE_STRINGS_H 1
| #define HAVE_INTTYPES_H 1
| #define HAVE_STDINT_H 1
| #define HAVE_UNISTD_H 1
| #define HAVE_POSIX_THREADS
| #define HAVE_SCHED_RT
| #define HAVE_SCHED_YIELD
| #define HAVE_PTHREAD_YIELD
| #define HAVE_PTHREADKEY_CREATE
| #define SYSTEM_FTIME ftime
| #define STDC_HEADERS 1
| #define HAVE_ERRNO_H 1
| #define HAVE_DLFCN_H 1
| /* end confdefs.h.  */
| #include <ac_nonexistent.h>
configure:7706: checking for g77
configure:7735: result: no
configure:7706: checking for f77
configure:7735: result: no
configure:7706: checking for xlf
configure:7735: result: no
configure:7706: checking for frt
configure:7735: result: no
configure:7706: checking for pgf77
configure:7735: result: no
configure:7706: checking for fort77
configure:7735: result: no
configure:7706: checking for fl32
configure:7735: result: no
configure:7706: checking for af77
configure:7735: result: no
configure:7706: checking for f90
configure:7735: result: no
configure:7706: checking for xlf90
configure:7735: result: no
configure:7706: checking for pgf90
configure:7735: result: no
configure:7706: checking for epcf90
configure:7735: result: no
configure:7706: checking for f95
configure:7735: result: no
configure:7706: checking for fort
configure:7735: result: no
configure:7706: checking for xlf95
configure:7735: result: no
configure:7706: checking for ifc
configure:7735: result: no
configure:7706: checking for efc
configure:7735: result: no
configure:7706: checking for pgf95
configure:7735: result: no
configure:7706: checking for lf95
configure:7735: result: no
configure:7706: checking for gfortran
configure:7735: result: no
configure:7747: checking for Fortran 77 compiler version
configure:7750:  --version </dev/null >&5
./configure: line 7751: --version: command not found
configure:7753: $? = 127
configure:7755:  -v </dev/null >&5
./configure: line 7756: -v: command not found
configure:7758: $? = 127
configure:7760:  -V </dev/null >&5
./configure: line 7761: -V: command not found
configure:7763: $? = 127
configure:7771: checking whether we are using the GNU Fortran 77 compiler
configure:7785:  -c  conftest.F >&5
./configure: line 7786: -c: command not found
configure:7791: $? = 127
configure: failed program was:
|       program main
| #ifndef __GNUC__
|        choke me
| #endif
| 
|       end
configure:7817: result: no
configure:7823: checking whether  accepts -g
configure:7835:  -c -g conftest.f >&5
./configure: line 7836: -c: command not found
configure:7841: $? = 127
configure: failed program was:
|       program main
| 
|       end
configure:7866: result: no
configure:7896: checking the maximum length of command line arguments
configure:7975: result: 32768
configure:7986: checking command to parse /usr/bin/nm -B output from gcc object
configure:8082: g++ -c -g -O2 -Wall -DNDEBUG  conftest.cc >&5
configure:8085: $? = 0
configure:8089: /usr/bin/nm -B conftest.o \| sed -n -e 's/^.*[ 	]\([ABCDGIRSTW][ABCDGIRSTW]*\)[ 	][ 	]*\(\)\([_A-Za-z][_A-Za-z0-9]*\)$/\1 \2\3 \3/p' \> conftest.nm
configure:8092: $? = 0
configure:8144: g++ -o conftest -g -O2 -Wall -DNDEBUG   conftest.cc conftstm.o >&5
configure:8147: $? = 0
configure:8185: result: ok
configure:8189: checking for objdir
configure:8204: result: .libs
configure:8294: checking for ar
configure:8310: found /usr/bin/ar
configure:8321: result: ar
configure:8374: checking for ranlib
configure:8390: found /usr/bin/ranlib
configure:8401: result: ranlib
configure:8454: checking for strip
configure:8470: found /usr/bin/strip
configure:8481: result: strip
configure:8694: checking for correct ltmain.sh version
configure:8708: result: no

## ---------------- ##
## Cache variables. ##
## ---------------- ##

ac_cv_build=x86_64-unknown-linux-gnu
ac_cv_build_alias=x86_64-unknown-linux-gnu
ac_cv_c_compiler_gnu=yes
ac_cv_cxx_compiler_gnu=yes
ac_cv_env_CC_set=
ac_cv_env_CC_value=
ac_cv_env_CFLAGS_set=
ac_cv_env_CFLAGS_value=
ac_cv_env_CPPFLAGS_set=
ac_cv_env_CPPFLAGS_value=
ac_cv_env_CPP_set=
ac_cv_env_CPP_value=
ac_cv_env_CXXCPP_set=
ac_cv_env_CXXCPP_value=
ac_cv_env_CXXFLAGS_set=
ac_cv_env_CXXFLAGS_value=
ac_cv_env_CXX_set=
ac_cv_env_CXX_value=
ac_cv_env_F77_set=
ac_cv_env_F77_value=
ac_cv_env_FFLAGS_set=
ac_cv_env_FFLAGS_value=
ac_cv_env_LDFLAGS_set=
ac_cv_env_LDFLAGS_value=
ac_cv_env_build_alias_set=
ac_cv_env_build_alias_value=
ac_cv_env_host_alias_set=
ac_cv_env_host_alias_value=
ac_cv_env_target_alias_set=
ac_cv_env_target_alias_value=
ac_cv_exeext=
ac_cv_f77_compiler_gnu=no
ac_cv_header_dlfcn_h=yes
ac_cv_header_errno_h=yes
ac_cv_header_inttypes_h=yes
ac_cv_header_memory_h=yes
ac_cv_header_pthread_h=yes
ac_cv_header_stdc=yes
ac_cv_header_stdint_h=yes
ac_cv_header_stdlib_h=yes
ac_cv_header_string_h=yes
ac_cv_header_strings_h=yes
ac_cv_header_sys_stat_h=yes
ac_cv_header_sys_time_h=yes
ac_cv_header_sys_timeb_h=yes
ac_cv_header_sys_types_h=yes
ac_cv_header_unistd_h=yes
ac_cv_host=x86_64-unknown-linux-gnu
ac_cv_host_alias=x86_64-unknown-linux-gnu
ac_cv_lib_rt_sched_get_priority_max=yes
ac_cv_objext=o
ac_cv_path_install='/usr/bin/install -c'
ac_cv_prog_AWK=gawk
ac_cv_prog_CPP='gcc -E'
ac_cv_prog_CXXCPP='g++ -E'
ac_cv_prog_ac_ct_AR=ar
ac_cv_prog_ac_ct_CC=gcc
ac_cv_prog_ac_ct_CXX=g++
ac_cv_prog_ac_ct_RANLIB=ranlib
ac_cv_prog_ac_ct_STRIP=strip
ac_cv_prog_cc_g=yes
ac_cv_prog_cc_stdc=
ac_cv_prog_cxx_g=yes
ac_cv_prog_egrep='grep -E'
ac_cv_prog_f77_g=no
ac_cv_prog_make_make_set=yes
ac_cv_target=x86_64-unknown-linux-gnu
ac_cv_target_alias=x86_64-unknown-linux-gnu
am_cv_CC_dependencies_compiler_type=gcc3
am_cv_CXX_dependencies_compiler_type=gcc3
lt_cv_deplibs_check_method=pass_all
lt_cv_file_magic_cmd='$MAGIC_CMD'
lt_cv_file_magic_test_file=
lt_cv_ld_reload_flag=-r
lt_cv_objdir=.libs
lt_cv_path_LD=/usr/x86_64-suse-linux/bin/ld
lt_cv_path_NM='/usr/bin/nm -B'
lt_cv_path_SED=/usr/bin/sed
lt_cv_prog_gnu_ld=yes
lt_cv_sys_global_symbol_pipe='sed -n -e '\''s/^.*[ 	]\([ABCDGIRSTW][ABCDGIRSTW]*\)[ 	][ 	]*\(\)\([_A-Za-z][_A-Za-z0-9]*\)$/\1 \2\3 \3/p'\'''
lt_cv_sys_global_symbol_to_c_name_address='sed -n -e '\''s/^: \([^ ]*\) $/  {\"\1\", (lt_ptr) 0},/p'\'' -e '\''s/^[BCDEGRST] \([^ ]*\) \([^ ]*\)$/  {"\2", (lt_ptr) \&\2},/p'\'''
lt_cv_sys_global_symbol_to_cdecl='sed -n -e '\''s/^. .* \(.*\)$/extern int \1;/p'\'''
lt_cv_sys_max_cmd_len=32768

## ----------------- ##
## Output variables. ##
## ----------------- ##

ACLOCAL='aclocal-1.7 -I share'
AMDEPBACKSLASH='\'
AMDEP_FALSE='#'
AMDEP_TRUE=''
AMTAR='tar'
AR='ar'
AUTOCONF='autoconf'
AUTOHEADER='autoheader'
AUTOMAKE='automake-1.7'
AWK='gawk'
CC='gcc'
CCDEPMODE='depmode=gcc3'
CFLAGS='-g -O2'
COMPILER_OPTIONS=' -g -O2 -Wall -DNDEBUG'
CPP='gcc -E'
CPPFLAGS=''
CXX='g++'
CXXCPP='g++ -E'
CXXDEPMODE='depmode=gcc3'
CXXFLAGS='-g -O2 -Wall -DNDEBUG'
CYGPATH_W='echo'
DEFS=''
DEPDIR='.deps'
DOXYGEN=''
ECHO='echo'
ECHO_C=''
ECHO_N='-n'
ECHO_T=''
EGREP='grep -E'
EXEEXT=''
EXTRA_COMPILER_OPTIONS=''
EXTRA_LINKER_OPTIONS=''
F77=''
FFLAGS=''
INSTALL_DATA='${INSTALL} -m 644'
INSTALL_PROGRAM='${INSTALL}'
INSTALL_SCRIPT='${INSTALL}'
INSTALL_STRIP_PROGRAM='${SHELL} $(install_sh) -c -s'
LDFLAGS=''
LIBOBJS=''
LIBS=''
LIBTOOL=''
LINKER_OPTIONS='  -lpthread -lrt '
LN_S='ln -s'
LTLIBOBJS=''
LT_AGE='0'
LT_CURRENT='2'
LT_RELEASE='2.3'
LT_REVISION='0'
MAKEINFO='makeinfo'
OBJEXT='o'
PACKAGE='ZThread'
PACKAGE_BUGREPORT=''
PACKAGE_NAME=''
PACKAGE_STRING=''
PACKAGE_TARNAME=''
PACKAGE_VERSION=''
PATH_SEPARATOR=':'
PTHREAD_CXXFLAGS='-DREENTRANT '
PTHREAD_LIBS='  -lpthread -lrt'
RANLIB='ranlib'
SET_MAKE=''
SHELL='/bin/sh'
STRIP='strip'
SUBDIRS='src'
VERSION='2.3.2'
ZT_BINARY_AGE='0'
ZT_INTERFACE_AGE='0'
ZT_MAJOR_VERSION='2'
ZT_MICRO_VERSION='2'
ZT_MINOR_VERSION='3'
ZT_VERSION='2.3.2'
ac_ct_AR='ar'
ac_ct_CC='gcc'
ac_ct_CXX='g++'
ac_ct_F77=''
ac_ct_RANLIB='ranlib'
ac_ct_STRIP='strip'
am__fastdepCC_FALSE='#'
am__fastdepCC_TRUE=''
am__fastdepCXX_FALSE='#'
am__fastdepCXX_TRUE=''
am__include='include'
am__leading_dot='.'
am__quote=''
bindir='${exec_prefix}/bin'
build='x86_64-unknown-linux-gnu'
build_alias=''
build_cpu='x86_64'
build_os='linux-gnu'
build_vendor='unknown'
datadir='${prefix}/share'
exec_prefix='NONE'
host='x86_64-unknown-linux-gnu'
host_alias=''
host_cpu='x86_64'
host_os='linux-gnu'
host_vendor='unknown'
includedir='${prefix}/include'
infodir='${prefix}/info'
install_sh='/home/rafa/apps/dev/eclipse cpp/workspace/Anagrama/libs/ZThread-2.3.2/install-sh'
libdir='${exec_prefix}/lib64'
libexecdir='${exec_prefix}/lib'
localstatedir='${prefix}/var'
mandir='${prefix}/man'
oldincludedir='/usr/include'
prefix='NONE'
program_transform_name='s,x,x,'
sbindir='${exec_prefix}/sbin'
sharedstatedir='${prefix}/com'
sysconfdir='${prefix}/etc'
target='x86_64-unknown-linux-gnu'
target_alias=''
target_cpu='x86_64'
target_os='linux-gnu'
target_vendor='unknown'

## ----------- ##
## confdefs.h. ##
## ----------- ##

#define HAVE_DLFCN_H 1
#define HAVE_ERRNO_H 1
#define HAVE_INTTYPES_H 1
#define HAVE_MEMORY_H 1
#define HAVE_POSIX_THREADS
#define HAVE_PTHREADKEY_CREATE
#define HAVE_PTHREAD_YIELD
#define HAVE_SCHED_RT
#define HAVE_SCHED_YIELD
#define HAVE_STDINT_H 1
#define HAVE_STDLIB_H 1
#define HAVE_STRINGS_H 1
#define HAVE_STRING_H 1
#define HAVE_SYS_STAT_H 1
#define HAVE_SYS_TYPES_H 1
#define HAVE_UNISTD_H 1
#define PACKAGE "ZThread"
#define PACKAGE_BUGREPORT ""
#define PACKAGE_NAME ""
#define PACKAGE_STRING ""
#define PACKAGE_TARNAME ""
#define PACKAGE_VERSION ""
#define STDC_HEADERS 1
#define STDC_HEADERS 1
#define SYSTEM_FTIME ftime
#define VERSION "2.3.2"
#endif
#ifdef __cplusplus
extern "C" void exit (int) throw ();

configure: exit 1
